<story path="stories/SecondStory.story" title="">
<scenario keyword="Scenario:" title="second scenario">
<step outcome="successful">When Выбран маркет</step>
<step outcome="successful">When Выбрана электроника</step>
<step outcome="failed" keyword="FAILED">When Выбран раздел [Наушники]<failure>net.serenitybdd.core.exceptions.SerenityManagedException: invalid selector: Unable to locate an element with the xpath expression //div[@class=&apos;catalog-menu__list&apos;]/a[text(),&apos;Наушники&apos;]&apos;)] because of the following error:
SyntaxError: Failed to execute &apos;evaluate&apos; on &apos;Document&apos;: The string &apos;//div[@class=&apos;catalog-menu__list&apos;]/a[text(),&apos;Наушники&apos;]&apos;)]&apos; is not a valid XPath expression.
  (Session info: chrome=57.0.2987.133)
  (Driver info: chromedriver=2.29.461591 (62ebf098771772160f391d75e589dc567915b233),platform=Windows NT 6.3.9600 x86_64) (WARNING: The server did not provide any stacktrace information)
Command duration or timeout: 22 milliseconds
For documentation on this error, please visit: http://seleniumhq.org/exceptions/invalid_selector_exception.html
Build info: version: &apos;2.52.0&apos;, revision: &apos;4c2593cfc3689a7fcd7be52549167e5ccc93ad28&apos;, time: &apos;2016-02-11 11:22:43&apos;
System info: host: &apos;stroganov&apos;, ip: &apos;192.168.56.1&apos;, os.name: &apos;Windows 8.1&apos;, os.arch: &apos;amd64&apos;, os.version: &apos;6.3&apos;, java.version: &apos;1.8.0_121&apos;
Driver info: org.openqa.selenium.remote.RemoteWebDriver
Capabilities [{applicationCacheEnabled=false, rotatable=false, mobileEmulationEnabled=false, networkConnectionEnabled=false, chrome={chromedriverVersion=2.29.461591 (62ebf098771772160f391d75e589dc567915b233), userDataDir=C:\Users\B19A~1\AppData\Local\Temp\scoped_dir17488_18953}, takesHeapSnapshot=true, pageLoadStrategy=normal, databaseEnabled=false, handlesAlerts=true, hasTouchScreen=false, version=57.0.2987.133, platform=WIN8_1, browserConnectionEnabled=false, nativeEvents=true, acceptSslCerts=true, locationContextEnabled=true, webStorageEnabled=true, browserName=chrome, takesScreenshot=true, javascriptEnabled=true, cssSelectorsEnabled=true, unexpectedAlertBehaviour=}]
Session ID: 1617fab700d62cf66db515d855951e69
*** Element info: {Using=xpath, value=//div[@class=&apos;catalog-menu__list&apos;]/a[text(),&apos;Наушники&apos;]&apos;)]}</failure></step>
<step outcome="notPerformed" keyword="NOT PERFORMED">When Задана стоимость &quot;20000&quot;</step>
<step outcome="notPerformed" keyword="NOT PERFORMED">When Выбрать происзодителя &quot;LG&quot;</step>
<step outcome="notPerformed" keyword="NOT PERFORMED">When Выбрать происзодителя &quot;Samsung&quot;</step>
<step outcome="notPerformed" keyword="NOT PERFORMED">Then Элементов на странице &quot;12&quot;</step>
<step outcome="notPerformed" keyword="NOT PERFORMED">When Запомнить название [1] элемента</step>
<step outcome="notPerformed" keyword="NOT PERFORMED">When Выполнен поиск сохраненного элемента</step>
<step outcome="notPerformed" keyword="NOT PERFORMED">Then Титул найденного товара равен запомненному значению</step>
<failure>net.serenitybdd.core.exceptions.SerenityManagedException: invalid selector: Unable to locate an element with the xpath expression //div[@class=&apos;catalog-menu__list&apos;]/a[text(),&apos;Наушники&apos;]&apos;)] because of the following error:
SyntaxError: Failed to execute &apos;evaluate&apos; on &apos;Document&apos;: The string &apos;//div[@class=&apos;catalog-menu__list&apos;]/a[text(),&apos;Наушники&apos;]&apos;)]&apos; is not a valid XPath expression.
  (Session info: chrome=57.0.2987.133)
  (Driver info: chromedriver=2.29.461591 (62ebf098771772160f391d75e589dc567915b233),platform=Windows NT 6.3.9600 x86_64) (WARNING: The server did not provide any stacktrace information)
Command duration or timeout: 22 milliseconds
For documentation on this error, please visit: http://seleniumhq.org/exceptions/invalid_selector_exception.html
Build info: version: &apos;2.52.0&apos;, revision: &apos;4c2593cfc3689a7fcd7be52549167e5ccc93ad28&apos;, time: &apos;2016-02-11 11:22:43&apos;
System info: host: &apos;stroganov&apos;, ip: &apos;192.168.56.1&apos;, os.name: &apos;Windows 8.1&apos;, os.arch: &apos;amd64&apos;, os.version: &apos;6.3&apos;, java.version: &apos;1.8.0_121&apos;
Driver info: org.openqa.selenium.remote.RemoteWebDriver
Capabilities [{applicationCacheEnabled=false, rotatable=false, mobileEmulationEnabled=false, networkConnectionEnabled=false, chrome={chromedriverVersion=2.29.461591 (62ebf098771772160f391d75e589dc567915b233), userDataDir=C:\Users\B19A~1\AppData\Local\Temp\scoped_dir17488_18953}, takesHeapSnapshot=true, pageLoadStrategy=normal, databaseEnabled=false, handlesAlerts=true, hasTouchScreen=false, version=57.0.2987.133, platform=WIN8_1, browserConnectionEnabled=false, nativeEvents=true, acceptSslCerts=true, locationContextEnabled=true, webStorageEnabled=true, browserName=chrome, takesScreenshot=true, javascriptEnabled=true, cssSelectorsEnabled=true, unexpectedAlertBehaviour=}]
Session ID: 1617fab700d62cf66db515d855951e69
*** Element info: {Using=xpath, value=//div[@class=&apos;catalog-menu__list&apos;]/a[text(),&apos;Наушники&apos;]&apos;)]}
	at net.serenitybdd.core.exceptions.SerenityManagedException.detachedCopyOf(SerenityManagedException.java:20)
	at net.thucydides.core.steps.StepInterceptor.runTestStep(StepInterceptor.java:341)
	at net.thucydides.core.steps.StepInterceptor.testStepResult(StepInterceptor.java:134)
	at net.thucydides.core.steps.StepInterceptor.intercept(StepInterceptor.java:61)
	at ru.aplana.autotests.steps.MarketSteps$$EnhancerByCGLIB$$b155978b.selectTV(&lt;generated&gt;)
	at ru.aplana.autotests.steps.ScenarioSteps.selectTV(ScenarioSteps.java:100)
	(reflection-invoke)
	at org.jbehave.core.steps.StepCreator$ParametrisedStep.perform(StepCreator.java:733)
	at org.jbehave.core.embedder.PerformableTree$FineSoFar.run(PerformableTree.java:346)
...</failure>
</scenario>
</story>
